videoDoc/platforms/android/CordovaLib/build/outputs/logs/manifest-merger-debug-report.txt
-- Merging decision tree log ---
manifest
ADDED from android\CordovaLib\AndroidManifest.xml:20:1-26:12
INJECTED from android\CordovaLib\AndroidManifest.xml:20:1-26:12
INJECTED from android\CordovaLib\AndroidManifest.xml:20:1-26:12
INJECTED from android\CordovaLib\AndroidManifest.xml:20:1-26:12
INJECTED from android\CordovaLib\AndroidManifest.xml:20:1-26:12
INJECTED from android\CordovaLib\AndroidManifest.xml:20:1-26:12
INJECTED from android\CordovaLib\AndroidManifest.xml:20:1-26:12
	package
		ADDED from android\CordovaLib\AndroidManifest.xml:21:7-35
		INJECTED from android\CordovaLib\AndroidManifest.xml
		INJECTED from android\CordovaLib\AndroidManifest.xml
	android:versionName
		ADDED from android\CordovaLib\AndroidManifest.xml:21:36-61
		INJECTED from android\CordovaLib\AndroidManifest.xml
		INJECTED from android\CordovaLib\AndroidManifest.xml
	xmlns:android
		ADDED from android\CordovaLib\AndroidManifest.xml:20:11-69
	android:versionCode
		ADDED from android\CordovaLib\AndroidManifest.xml:21:62-85
		INJECTED from android\CordovaLib\AndroidManifest.xml
		INJECTED from android\CordovaLib\AndroidManifest.xml
uses-sdk
ADDED from android\CordovaLib\AndroidManifest.xml:22:5-44
	android:minSdkVersion
		ADDED from android\CordovaLib\AndroidManifest.xml:22:15-41
uses-permission#android.permission.CAMERA
ADDED from android\CordovaLib\AndroidManifest.xml:23:5-65
	android:name
		ADDED from android\CordovaLib\AndroidManifest.xml:23:22-62
uses-permission#android.permission.MODIFY_AUDIO_SETTINGS
ADDED from android\CordovaLib\AndroidManifest.xml:24:1-76
	android:name
		ADDED from android\CordovaLib\AndroidManifest.xml:24:18-73
uses-permission#android.permission.RECORD_AUDIO
ADDED from android\CordovaLib\AndroidManifest.xml:25:1-67
	android:name
		ADDED from android\CordovaLib\AndroidManifest.xml:25:18-64